<?xml version="1.0" encoding="UTF-8"?>
<!-- Generated by org.testng.reporters.JUnitXMLReporter -->
<testsuite hostname="sagarga-w8" name="Default test" tests="3" failures="0" timestamp="26 Oct 2016 11:49:22 GMT" time="183.774" errors="0">
  <testcase name="adidasShoes" time="8.834" classname="FirstPackage.FirstTestNGFile"/>
  <testcase name="CellPhones" time="8.792" classname="FirstPackage.FirstTestNGFile"/>
  <testcase name="OpenSoftware" time="6.963" classname="FirstPackage.FirstTestNGFile"/>
</testsuite> <!-- Default test -->
